Exception at PC 0x00007FFEE315CD29
Unable to capture context for thread 8812 in process 4728, can not generate back trace
Unable to capture context for thread 16236 in process 4728, can not generate back trace
Unable to capture context for thread 11528 in process 4728, can not generate back trace
Exception at PC 0x00007FFEE315CD29
Unable to capture context for thread 11528 in process 4728, can not generate back trace
Exception at PC 0x00007FFE4AA3BB93
Printing stacktrace...

Exception at PC 0x00007FFEE315CD29
Exception at PC 0x00007FFEE315CD29
Exception at PC 0x00007FFEE315CD29
Exception at PC 0x00007FFEE315CD29
Exception at PC 0x00007FFEE315CD29
Exception at PC 0x00007FFEE315CD29
Exception at PC 0x00007FFEE315CD29
Exception at PC 0x00007FFEE315CD29
Exception at PC 0x00007FFEE315CD29
Exception at PC 0x00007FFEE315CD29
Exception at PC 0x00007FFEE315CD29
[0]  [0x00007FFE4AA3BB93]
[1]  [0x00007FFE4AA3BB93]
[2]  [0x00007FFE4AA3B4A1]
[3]  [0x00007FFE4AA3B3EF]
[4]  [0x00007FFE4AA219FE]
[5]  [0x00007FFE4AA20ED1]
[6]  [0x00007FFE4AA20D76]
[7]  [0x00007FFE4A9C79F6]
[8]  [0x00007FFE4A9B7AFB]
[9]  [0x00007FFE4AADE90A]
[10]  [0x00007FFE4AAF9F87]
[11]  [0x00007FFE4AAFA05F]
[12] (BaseThreadInitThunk+0x14) [0x00007FFEE3FC74B4]
[13] (RtlUserThreadStart+0x21) [0x00007FFEE54426A1]
Done
Exception at PC 0x00007FFEE315CD29
Exception at PC 0x00007FFEE315CD29
Exception at PC 0x00007FFEE315CD29
Exception at PC 0x00007FFEE315CD29
Exception at PC 0x00007FFEE315CD29
